0 info it worked if it ends with ok
1 verbose cli [ 'E:\\ProgramFile\\nvm\\v6.11.0\\node.exe',
1 verbose cli   'E:\\ProgramFile\\nvm\\v6.11.0\\node_modules\\npm\\bin\\npm-cli.js',
1 verbose cli   'run',
1 verbose cli   'watch',
1 verbose cli   '--scripts-prepend-node-path=auto' ]
2 info using npm@3.10.10
3 info using node@v6.11.0
4 verbose run-script [ 'prewatch', 'watch', 'postwatch' ]
5 info lifecycle package@1.0.0~prewatch: package@1.0.0
6 silly lifecycle package@1.0.0~prewatch: no script for prewatch, continuing
7 info lifecycle package@1.0.0~watch: package@1.0.0
8 verbose lifecycle package@1.0.0~watch: unsafe-perm in lifecycle true
9 verbose lifecycle package@1.0.0~watch: PATH: E:\ProgramFile\nvm\v6.11.0\node_modules\npm\bin\node-gyp-bin;F:\workplace\date-component\node_modules\.bin;E:\ProgramFile\nvm\v6.11.0;C:\ProgramData\Oracle\Java\javapath;F:\AppCan\AppCanStudioPersonalV3.3\AppCan-IDE\jre\bin\;C:\ProgramData\Microsoft\Windows\Start Menu\Programs\;C:\Windows\system32;C:\Windows;C:\Windows\System32\Wbem;C:\Windows\System32\WindowsPowerShell\v1.0\;C:\usefulProgame\Git\cmd;C:\usefulProgame\TortoiseSVN\bin;C:\usefulProgame\tortoiseGit\bin;D:\php;D:\php\ext;C:\Program Files (x86)\Android\android-sdk\platforms;C:\Program Files (x86)\Android\android-sdk\tools;C:\usefulProgame\gradle-4.0\bin;E:\ProgramFile\nvm;C:\Program Files\nodejs;D:\ProgramFiles\nvm-noinstall;D:\ProgramFiles\mongodb\bin;E:\ProgramFile\nvm
10 verbose lifecycle package@1.0.0~watch: CWD: F:\workplace\date-component
11 silly lifecycle package@1.0.0~watch: Args: [ '/d /s /c', 'gulp watch' ]
12 silly lifecycle package@1.0.0~watch: Returned: code: 1  signal: null
13 info lifecycle package@1.0.0~watch: Failed to exec watch script
14 verbose stack Error: package@1.0.0 watch: `gulp watch`
14 verbose stack Exit status 1
14 verbose stack     at EventEmitter.<anonymous> (E:\ProgramFile\nvm\v6.11.0\node_modules\npm\lib\utils\lifecycle.js:255:16)
14 verbose stack     at emitTwo (events.js:106:13)
14 verbose stack     at EventEmitter.emit (events.js:191:7)
14 verbose stack     at ChildProcess.<anonymous> (E:\ProgramFile\nvm\v6.11.0\node_modules\npm\lib\utils\spawn.js:40:14)
14 verbose stack     at emitTwo (events.js:106:13)
14 verbose stack     at ChildProcess.emit (events.js:191:7)
14 verbose stack     at maybeClose (internal/child_process.js:891:16)
14 verbose stack     at Process.ChildProcess._handle.onexit (internal/child_process.js:226:5)
15 verbose pkgid package@1.0.0
16 verbose cwd F:\workplace\date-component
17 error Windows_NT 10.0.10586
18 error argv "E:\\ProgramFile\\nvm\\v6.11.0\\node.exe" "E:\\ProgramFile\\nvm\\v6.11.0\\node_modules\\npm\\bin\\npm-cli.js" "run" "watch" "--scripts-prepend-node-path=auto"
19 error node v6.11.0
20 error npm  v3.10.10
21 error code ELIFECYCLE
22 error package@1.0.0 watch: `gulp watch`
22 error Exit status 1
23 error Failed at the package@1.0.0 watch script 'gulp watch'.
23 error Make sure you have the latest version of node.js and npm installed.
23 error If you do, this is most likely a problem with the package package,
23 error not with npm itself.
23 error Tell the author that this fails on your system:
23 error     gulp watch
23 error You can get information on how to open an issue for this project with:
23 error     npm bugs package
23 error Or if that isn't available, you can get their info via:
23 error     npm owner ls package
23 error There is likely additional logging output above.
24 verbose exit [ 1, true ]
